<?xml version="1.0" encoding="UTF-8"?>
<testsuite xmlns:xsi="http://www.w3.org/2001/XMLSchema-instance" xsi:noNamespaceSchemaLocation="https://maven.apache.org/surefire/maven-surefire-plugin/xsd/surefire-test-report.xsd" name="com.xinmu.XinmuSpringBootStarterAutoconfigureApplicationTests" time="0.247" tests="1" errors="1" skipped="0" failures="0">
  <properties>
    <property name="sun.desktop" value="windows"/>
    <property name="awt.toolkit" value="sun.awt.windows.WToolkit"/>
    <property name="file.encoding.pkg" value="sun.io"/>
    <property name="java.specification.version" value="1.8"/>
    <property name="sun.cpu.isalist" value="amd64"/>
    <property name="sun.jnu.encoding" value="GBK"/>
    <property name="java.class.path" value="E:\Code\springboot\spring-boot-starter-diy\xinmu-spring-boot-starter-autoconfigure\target\test-classes;E:\Code\springboot\spring-boot-starter-diy\xinmu-spring-boot-starter-autoconfigure\target\classes;D:\Environment\maven-repo\org\springframework\boot\spring-boot-starter\2.6.6\spring-boot-starter-2.6.6.jar;D:\Environment\maven-repo\org\springframework\boot\spring-boot\2.6.6\spring-boot-2.6.6.jar;D:\Environment\maven-repo\org\springframework\spring-context\5.3.18\spring-context-5.3.18.jar;D:\Environment\maven-repo\org\springframework\spring-aop\5.3.18\spring-aop-5.3.18.jar;D:\Environment\maven-repo\org\springframework\spring-beans\5.3.18\spring-beans-5.3.18.jar;D:\Environment\maven-repo\org\springframework\spring-expression\5.3.18\spring-expression-5.3.18.jar;D:\Environment\maven-repo\org\springframework\boot\spring-boot-autoconfigure\2.6.6\spring-boot-autoconfigure-2.6.6.jar;D:\Environment\maven-repo\org\springframework\boot\spring-boot-starter-logging\2.6.6\spring-boot-starter-logging-2.6.6.jar;D:\Environment\maven-repo\ch\qos\logback\logback-classic\1.2.11\logback-classic-1.2.11.jar;D:\Environment\maven-repo\ch\qos\logback\logback-core\1.2.11\logback-core-1.2.11.jar;D:\Environment\maven-repo\org\apache\logging\log4j\log4j-to-slf4j\2.17.2\log4j-to-slf4j-2.17.2.jar;D:\Environment\maven-repo\org\apache\logging\log4j\log4j-api\2.17.2\log4j-api-2.17.2.jar;D:\Environment\maven-repo\org\slf4j\jul-to-slf4j\1.7.36\jul-to-slf4j-1.7.36.jar;D:\Environment\maven-repo\jakarta\annotation\jakarta.annotation-api\1.3.5\jakarta.annotation-api-1.3.5.jar;D:\Environment\maven-repo\org\springframework\spring-core\5.3.18\spring-core-5.3.18.jar;D:\Environment\maven-repo\org\springframework\spring-jcl\5.3.18\spring-jcl-5.3.18.jar;D:\Environment\maven-repo\org\yaml\snakeyaml\1.29\snakeyaml-1.29.jar;D:\Environment\maven-repo\org\springframework\boot\spring-boot-starter-test\2.6.6\spring-boot-starter-test-2.6.6.jar;D:\Environment\maven-repo\org\springframework\boot\spring-boot-test\2.6.6\spring-boot-test-2.6.6.jar;D:\Environment\maven-repo\org\springframework\boot\spring-boot-test-autoconfigure\2.6.6\spring-boot-test-autoconfigure-2.6.6.jar;D:\Environment\maven-repo\com\jayway\jsonpath\json-path\2.6.0\json-path-2.6.0.jar;D:\Environment\maven-repo\net\minidev\json-smart\2.4.8\json-smart-2.4.8.jar;D:\Environment\maven-repo\net\minidev\accessors-smart\2.4.8\accessors-smart-2.4.8.jar;D:\Environment\maven-repo\org\ow2\asm\asm\9.1\asm-9.1.jar;D:\Environment\maven-repo\org\slf4j\slf4j-api\1.7.36\slf4j-api-1.7.36.jar;D:\Environment\maven-repo\jakarta\xml\bind\jakarta.xml.bind-api\2.3.3\jakarta.xml.bind-api-2.3.3.jar;D:\Environment\maven-repo\jakarta\activation\jakarta.activation-api\1.2.2\jakarta.activation-api-1.2.2.jar;D:\Environment\maven-repo\org\assertj\assertj-core\3.21.0\assertj-core-3.21.0.jar;D:\Environment\maven-repo\org\hamcrest\hamcrest\2.2\hamcrest-2.2.jar;D:\Environment\maven-repo\org\junit\jupiter\junit-jupiter\5.8.2\junit-jupiter-5.8.2.jar;D:\Environment\maven-repo\org\junit\jupiter\junit-jupiter-api\5.8.2\junit-jupiter-api-5.8.2.jar;D:\Environment\maven-repo\org\opentest4j\opentest4j\1.2.0\opentest4j-1.2.0.jar;D:\Environment\maven-repo\org\junit\platform\junit-platform-commons\1.8.2\junit-platform-commons-1.8.2.jar;D:\Environment\maven-repo\org\apiguardian\apiguardian-api\1.1.2\apiguardian-api-1.1.2.jar;D:\Environment\maven-repo\org\junit\jupiter\junit-jupiter-params\5.8.2\junit-jupiter-params-5.8.2.jar;D:\Environment\maven-repo\org\junit\jupiter\junit-jupiter-engine\5.8.2\junit-jupiter-engine-5.8.2.jar;D:\Environment\maven-repo\org\junit\platform\junit-platform-engine\1.8.2\junit-platform-engine-1.8.2.jar;D:\Environment\maven-repo\org\mockito\mockito-core\4.0.0\mockito-core-4.0.0.jar;D:\Environment\maven-repo\net\bytebuddy\byte-buddy\1.11.22\byte-buddy-1.11.22.jar;D:\Environment\maven-repo\net\bytebuddy\byte-buddy-agent\1.11.22\byte-buddy-agent-1.11.22.jar;D:\Environment\maven-repo\org\objenesis\objenesis\3.2\objenesis-3.2.jar;D:\Environment\maven-repo\org\mockito\mockito-junit-jupiter\4.0.0\mockito-junit-jupiter-4.0.0.jar;D:\Environment\maven-repo\org\skyscreamer\jsonassert\1.5.0\jsonassert-1.5.0.jar;D:\Environment\maven-repo\com\vaadin\external\google\android-json\0.0.20131108.vaadin1\android-json-0.0.20131108.vaadin1.jar;D:\Environment\maven-repo\org\springframework\spring-test\5.3.18\spring-test-5.3.18.jar;D:\Environment\maven-repo\org\xmlunit\xmlunit-core\2.8.4\xmlunit-core-2.8.4.jar;D:\Environment\maven-repo\org\springframework\boot\spring-boot-configuration-processor\2.6.6\spring-boot-configuration-processor-2.6.6.jar;"/>
    <property name="java.vm.vendor" value="Oracle Corporation"/>
    <property name="sun.arch.data.model" value="64"/>
    <property name="user.variant" value=""/>
    <property name="java.vendor.url" value="http://java.oracle.com/"/>
    <property name="user.timezone" value="Asia/Shanghai"/>
    <property name="java.vm.specification.version" value="1.8"/>
    <property name="os.name" value="Windows 10"/>
    <property name="user.country" value="CN"/>
    <property name="sun.java.launcher" value="SUN_STANDARD"/>
    <property name="sun.boot.library.path" value="C:\Program Files\Java\jdk1.8.0_311\jre\bin"/>
    <property name="sun.java.command" value="C:\Users\12269\AppData\Local\Temp\surefire8513110723482670872\surefirebooter3337172070160544872.jar C:\Users\12269\AppData\Local\Temp\surefire8513110723482670872 2022-04-15T16-44-25_949-jvmRun1 surefire7122851898607233825tmp surefire_06202893005430266951tmp"/>
    <property name="surefire.test.class.path" value="E:\Code\springboot\spring-boot-starter-diy\xinmu-spring-boot-starter-autoconfigure\target\test-classes;E:\Code\springboot\spring-boot-starter-diy\xinmu-spring-boot-starter-autoconfigure\target\classes;D:\Environment\maven-repo\org\springframework\boot\spring-boot-starter\2.6.6\spring-boot-starter-2.6.6.jar;D:\Environment\maven-repo\org\springframework\boot\spring-boot\2.6.6\spring-boot-2.6.6.jar;D:\Environment\maven-repo\org\springframework\spring-context\5.3.18\spring-context-5.3.18.jar;D:\Environment\maven-repo\org\springframework\spring-aop\5.3.18\spring-aop-5.3.18.jar;D:\Environment\maven-repo\org\springframework\spring-beans\5.3.18\spring-beans-5.3.18.jar;D:\Environment\maven-repo\org\springframework\spring-expression\5.3.18\spring-expression-5.3.18.jar;D:\Environment\maven-repo\org\springframework\boot\spring-boot-autoconfigure\2.6.6\spring-boot-autoconfigure-2.6.6.jar;D:\Environment\maven-repo\org\springframework\boot\spring-boot-starter-logging\2.6.6\spring-boot-starter-logging-2.6.6.jar;D:\Environment\maven-repo\ch\qos\logback\logback-classic\1.2.11\logback-classic-1.2.11.jar;D:\Environment\maven-repo\ch\qos\logback\logback-core\1.2.11\logback-core-1.2.11.jar;D:\Environment\maven-repo\org\apache\logging\log4j\log4j-to-slf4j\2.17.2\log4j-to-slf4j-2.17.2.jar;D:\Environment\maven-repo\org\apache\logging\log4j\log4j-api\2.17.2\log4j-api-2.17.2.jar;D:\Environment\maven-repo\org\slf4j\jul-to-slf4j\1.7.36\jul-to-slf4j-1.7.36.jar;D:\Environment\maven-repo\jakarta\annotation\jakarta.annotation-api\1.3.5\jakarta.annotation-api-1.3.5.jar;D:\Environment\maven-repo\org\springframework\spring-core\5.3.18\spring-core-5.3.18.jar;D:\Environment\maven-repo\org\springframework\spring-jcl\5.3.18\spring-jcl-5.3.18.jar;D:\Environment\maven-repo\org\yaml\snakeyaml\1.29\snakeyaml-1.29.jar;D:\Environment\maven-repo\org\springframework\boot\spring-boot-starter-test\2.6.6\spring-boot-starter-test-2.6.6.jar;D:\Environment\maven-repo\org\springframework\boot\spring-boot-test\2.6.6\spring-boot-test-2.6.6.jar;D:\Environment\maven-repo\org\springframework\boot\spring-boot-test-autoconfigure\2.6.6\spring-boot-test-autoconfigure-2.6.6.jar;D:\Environment\maven-repo\com\jayway\jsonpath\json-path\2.6.0\json-path-2.6.0.jar;D:\Environment\maven-repo\net\minidev\json-smart\2.4.8\json-smart-2.4.8.jar;D:\Environment\maven-repo\net\minidev\accessors-smart\2.4.8\accessors-smart-2.4.8.jar;D:\Environment\maven-repo\org\ow2\asm\asm\9.1\asm-9.1.jar;D:\Environment\maven-repo\org\slf4j\slf4j-api\1.7.36\slf4j-api-1.7.36.jar;D:\Environment\maven-repo\jakarta\xml\bind\jakarta.xml.bind-api\2.3.3\jakarta.xml.bind-api-2.3.3.jar;D:\Environment\maven-repo\jakarta\activation\jakarta.activation-api\1.2.2\jakarta.activation-api-1.2.2.jar;D:\Environment\maven-repo\org\assertj\assertj-core\3.21.0\assertj-core-3.21.0.jar;D:\Environment\maven-repo\org\hamcrest\hamcrest\2.2\hamcrest-2.2.jar;D:\Environment\maven-repo\org\junit\jupiter\junit-jupiter\5.8.2\junit-jupiter-5.8.2.jar;D:\Environment\maven-repo\org\junit\jupiter\junit-jupiter-api\5.8.2\junit-jupiter-api-5.8.2.jar;D:\Environment\maven-repo\org\opentest4j\opentest4j\1.2.0\opentest4j-1.2.0.jar;D:\Environment\maven-repo\org\junit\platform\junit-platform-commons\1.8.2\junit-platform-commons-1.8.2.jar;D:\Environment\maven-repo\org\apiguardian\apiguardian-api\1.1.2\apiguardian-api-1.1.2.jar;D:\Environment\maven-repo\org\junit\jupiter\junit-jupiter-params\5.8.2\junit-jupiter-params-5.8.2.jar;D:\Environment\maven-repo\org\junit\jupiter\junit-jupiter-engine\5.8.2\junit-jupiter-engine-5.8.2.jar;D:\Environment\maven-repo\org\junit\platform\junit-platform-engine\1.8.2\junit-platform-engine-1.8.2.jar;D:\Environment\maven-repo\org\mockito\mockito-core\4.0.0\mockito-core-4.0.0.jar;D:\Environment\maven-repo\net\bytebuddy\byte-buddy\1.11.22\byte-buddy-1.11.22.jar;D:\Environment\maven-repo\net\bytebuddy\byte-buddy-agent\1.11.22\byte-buddy-agent-1.11.22.jar;D:\Environment\maven-repo\org\objenesis\objenesis\3.2\objenesis-3.2.jar;D:\Environment\maven-repo\org\mockito\mockito-junit-jupiter\4.0.0\mockito-junit-jupiter-4.0.0.jar;D:\Environment\maven-repo\org\skyscreamer\jsonassert\1.5.0\jsonassert-1.5.0.jar;D:\Environment\maven-repo\com\vaadin\external\google\android-json\0.0.20131108.vaadin1\android-json-0.0.20131108.vaadin1.jar;D:\Environment\maven-repo\org\springframework\spring-test\5.3.18\spring-test-5.3.18.jar;D:\Environment\maven-repo\org\xmlunit\xmlunit-core\2.8.4\xmlunit-core-2.8.4.jar;D:\Environment\maven-repo\org\springframework\boot\spring-boot-configuration-processor\2.6.6\spring-boot-configuration-processor-2.6.6.jar;"/>
    <property name="sun.cpu.endian" value="little"/>
    <property name="user.home" value="C:\Users\12269"/>
    <property name="user.language" value="zh"/>
    <property name="java.specification.vendor" value="Oracle Corporation"/>
    <property name="java.home" value="C:\Program Files\Java\jdk1.8.0_311\jre"/>
    <property name="basedir" value="E:\Code\springboot\spring-boot-starter-diy\xinmu-spring-boot-starter-autoconfigure"/>
    <property name="file.separator" value="\"/>
    <property name="line.separator" value="&#10;"/>
    <property name="java.vm.specification.vendor" value="Oracle Corporation"/>
    <property name="java.specification.name" value="Java Platform API Specification"/>
    <property name="java.awt.graphicsenv" value="sun.awt.Win32GraphicsEnvironment"/>
    <property name="surefire.real.class.path" value="C:\Users\12269\AppData\Local\Temp\surefire8513110723482670872\surefirebooter3337172070160544872.jar"/>
    <property name="sun.boot.class.path" value="C:\Program Files\Java\jdk1.8.0_311\jre\lib\resources.jar;C:\Program Files\Java\jdk1.8.0_311\jre\lib\rt.jar;C:\Program Files\Java\jdk1.8.0_311\jre\lib\sunrsasign.jar;C:\Program Files\Java\jdk1.8.0_311\jre\lib\jsse.jar;C:\Program Files\Java\jdk1.8.0_311\jre\lib\jce.jar;C:\Program Files\Java\jdk1.8.0_311\jre\lib\charsets.jar;C:\Program Files\Java\jdk1.8.0_311\jre\lib\jfr.jar;C:\Program Files\Java\jdk1.8.0_311\jre\classes"/>
    <property name="user.script" value=""/>
    <property name="sun.management.compiler" value="HotSpot 64-Bit Tiered Compilers"/>
    <property name="java.runtime.version" value="1.8.0_311-b11"/>
    <property name="user.name" value="123"/>
    <property name="path.separator" value=";"/>
    <property name="os.version" value="10.0"/>
    <property name="java.endorsed.dirs" value="C:\Program Files\Java\jdk1.8.0_311\jre\lib\endorsed"/>
    <property name="java.runtime.name" value="Java(TM) SE Runtime Environment"/>
    <property name="file.encoding" value="GBK"/>
    <property name="java.vm.name" value="Java HotSpot(TM) 64-Bit Server VM"/>
    <property name="localRepository" value="D:\Environment\maven-repo"/>
    <property name="java.vendor.url.bug" value="http://bugreport.sun.com/bugreport/"/>
    <property name="java.io.tmpdir" value="C:\Users\12269\AppData\Local\Temp\"/>
    <property name="idea.version" value="2021.3.3"/>
    <property name="java.version" value="1.8.0_311"/>
    <property name="user.dir" value="E:\Code\springboot\spring-boot-starter-diy\xinmu-spring-boot-starter-autoconfigure"/>
    <property name="os.arch" value="amd64"/>
    <property name="java.vm.specification.name" value="Java Virtual Machine Specification"/>
    <property name="java.awt.printerjob" value="sun.awt.windows.WPrinterJob"/>
    <property name="sun.os.patch.level" value=""/>
    <property name="java.library.path" value="C:\Program Files\Java\jdk1.8.0_311\jre\bin;C:\Windows\Sun\Java\bin;C:\Windows\system32;C:\Windows;D:\Environment\anaconda3;D:\Environment\anaconda3\Library\mingw-w64\bin;D:\Environment\anaconda3\Library\usr\bin;D:\Environment\anaconda3\Library\bin;D:\Environment\anaconda3\Scripts;C:\Program Files\Common Files\Oracle\Java\javapath;C:\Program Files (x86)\Common Files\Oracle\Java\javapath;C:\Windows\system32;C:\Windows;C:\Windows\System32\Wbem;C:\Windows\System32\WindowsPowerShell\v1.0\;C:\Windows\System32\OpenSSH\;C:\Program Files (x86)\NVIDIA Corporation\PhysX\Common;C:\Program Files\NVIDIA Corporation\NVIDIA NvDLISR;D:\Environment\MinGW\bin;D:\Environment\mysql-5.7.19\bin;D:\Environment\CMake\bin;D:\Environment\apache-maven-3.6.2\bin;D:\Environment\apache-tomcat-9.0.24\lib;D:\Environment\apache-tomcat-9.0.24\bin;D:\Environment\Git\cmd;D:\Program Files\Matlab_2021\runtime\win64;D:\Program Files\Matlab_2021\bin;D:\Program Files\Matlab_2021\polyspace\bin;D:\Program Files\xshell7\;D:\Program Files\xftp7\;D:\Environment\nodejs\;D:\Environment\python\Scripts\;D:\Environment\python\;C:\Users\12269\AppData\Local\Microsoft\WindowsApps;C:\Program Files\Bandizip\;E:\Microsoft VS Code\bin;C:\Users\12269\AppData\Roaming\npm;."/>
    <property name="java.vm.info" value="mixed mode"/>
    <property name="java.vendor" value="Oracle Corporation"/>
    <property name="java.vm.version" value="25.311-b11"/>
    <property name="java.ext.dirs" value="C:\Program Files\Java\jdk1.8.0_311\jre\lib\ext;C:\Windows\Sun\Java\lib\ext"/>
    <property name="sun.io.unicode.encoding" value="UnicodeLittle"/>
    <property name="maven.repo.local" value="D:\Environment\maven-repo"/>
    <property name="java.class.version" value="52.0"/>
  </properties>
  <testcase name="com.xinmu.XinmuSpringBootStarterAutoconfigureApplicationTests" classname="com.xinmu.XinmuSpringBootStarterAutoconfigureApplicationTests" time="0.246">
    <error message="Unable to find a @SpringBootConfiguration, you need to use @ContextConfiguration or @SpringBootTest(classes=...) with your test" type="java.lang.IllegalStateException">java.lang.IllegalStateException: Unable to find a @SpringBootConfiguration, you need to use @ContextConfiguration or @SpringBootTest(classes=...) with your test
</error>
    <system-out><![CDATA[16:44:26.772 [main] DEBUG org.springframework.test.context.BootstrapUtils - Instantiating CacheAwareContextLoaderDelegate from class [org.springframework.test.context.cache.DefaultCacheAwareContextLoaderDelegate]
16:44:26.783 [main] DEBUG org.springframework.test.context.BootstrapUtils - Instantiating BootstrapContext using constructor [public org.springframework.test.context.support.DefaultBootstrapContext(java.lang.Class,org.springframework.test.context.CacheAwareContextLoaderDelegate)]
16:44:26.820 [main] DEBUG org.springframework.test.context.BootstrapUtils - Instantiating TestContextBootstrapper for test class [com.xinmu.XinmuSpringBootStarterAutoconfigureApplicationTests] from class [org.springframework.boot.test.context.SpringBootTestContextBootstrapper]
16:44:26.832 [main] INFO org.springframework.boot.test.context.SpringBootTestContextBootstrapper - Neither @ContextConfiguration nor @ContextHierarchy found for test class [com.xinmu.XinmuSpringBootStarterAutoconfigureApplicationTests], using SpringBootContextLoader
16:44:26.836 [main] DEBUG org.springframework.test.context.support.AbstractContextLoader - Did not detect default resource location for test class [com.xinmu.XinmuSpringBootStarterAutoconfigureApplicationTests]: class path resource [com/xinmu/XinmuSpringBootStarterAutoconfigureApplicationTests-context.xml] does not exist
16:44:26.837 [main] DEBUG org.springframework.test.context.support.AbstractContextLoader - Did not detect default resource location for test class [com.xinmu.XinmuSpringBootStarterAutoconfigureApplicationTests]: class path resource [com/xinmu/XinmuSpringBootStarterAutoconfigureApplicationTestsContext.groovy] does not exist
16:44:26.837 [main] INFO org.springframework.test.context.support.AbstractContextLoader - Could not detect default resource locations for test class [com.xinmu.XinmuSpringBootStarterAutoconfigureApplicationTests]: no resource found for suffixes {-context.xml, Context.groovy}.
16:44:26.837 [main] INFO org.springframework.test.context.support.AnnotationConfigContextLoaderUtils - Could not detect default configuration classes for test class [com.xinmu.XinmuSpringBootStarterAutoconfigureApplicationTests]: XinmuSpringBootStarterAutoconfigureApplicationTests does not declare any static, non-private, non-final, nested classes annotated with @Configuration.
16:44:26.883 [main] DEBUG org.springframework.test.context.support.ActiveProfilesUtils - Could not find an 'annotation declaring class' for annotation type [org.springframework.test.context.ActiveProfiles] and class [com.xinmu.XinmuSpringBootStarterAutoconfigureApplicationTests]
]]></system-out>
  </testcase>
</testsuite>